2019-05-08 03:04:31 INFO  TestBase:74 - Executing on chrome
2019-05-08 03:04:38 INFO  WebEventListner:37 - Before navigating to: 'https://classic.crmpro.com/register/'
2019-05-08 03:04:40 INFO  WebEventListner:42 - Navigated to:'https://classic.crmpro.com/register/'
2019-05-08 03:04:42 INFO  TestBase:74 - Executing on chrome
2019-05-08 03:04:46 INFO  WebEventListner:37 - Before navigating to: 'https://classic.crmpro.com/register/'
2019-05-08 03:04:48 INFO  WebEventListner:42 - Navigated to:'https://classic.crmpro.com/register/'
2019-05-08 03:04:48 INFO  WebEventListner:77 - Trying to find Element By : By.xpath: //select[@id='payment_plan_id']
2019-05-08 03:04:48 INFO  WebEventListner:82 - Found Element By : By.xpath: //select[@id='payment_plan_id']
2019-05-08 03:04:48 INFO  WebEventListner:77 - Trying to find Element By : By.xpath: //select[@id='payment_plan_id']
2019-05-08 03:04:48 INFO  WebEventListner:82 - Found Element By : By.xpath: //select[@id='payment_plan_id']
2019-05-08 03:04:48 INFO  WebEventListner:77 - Trying to find Element By : By.xpath: //select[@id='payment_plan_id']
2019-05-08 03:04:48 INFO  WebEventListner:82 - Found Element By : By.xpath: //select[@id='payment_plan_id']
2019-05-08 03:04:48 INFO  WebEventListner:77 - Trying to find Element By : By.xpath: .//option[normalize-space(.) = "Free Edition"]
2019-05-08 03:04:48 INFO  WebEventListner:82 - Found Element By : By.xpath: .//option[normalize-space(.) = "Free Edition"]
2019-05-08 03:04:48 INFO  WebEventListner:87 - Trying to click on: [[[[ChromeDriver: chrome on XP (0f28bca8fa1b6657d6017ca20a3eb3bf)] -> xpath: //select[@id='payment_plan_id']]] -> xpath: .//option[normalize-space(.) = "Free Edition"]]
2019-05-08 03:04:49 INFO  WebEventListner:92 - Clicked on: [[[[ChromeDriver: chrome on XP (0f28bca8fa1b6657d6017ca20a3eb3bf)] -> xpath: //select[@id='payment_plan_id']]] -> xpath: .//option[normalize-space(.) = "Free Edition"]]
2019-05-08 03:04:49 INFO  WebEventListner:77 - Trying to find Element By : By.xpath: //input[@name='first_name']
2019-05-08 03:04:49 INFO  WebEventListner:82 - Found Element By : By.xpath: //input[@name='first_name']
2019-05-08 03:04:49 INFO  WebEventListner:77 - Trying to find Element By : By.xpath: //input[@name='surname']
2019-05-08 03:04:49 INFO  WebEventListner:82 - Found Element By : By.xpath: //input[@name='surname']
2019-05-08 03:04:49 INFO  WebEventListner:77 - Trying to find Element By : By.xpath: //input[@name='email']
2019-05-08 03:04:49 INFO  WebEventListner:82 - Found Element By : By.xpath: //input[@name='email']
2019-05-08 03:04:49 INFO  WebEventListner:77 - Trying to find Element By : By.xpath: //input[@name='email_confirm']
2019-05-08 03:04:49 INFO  WebEventListner:82 - Found Element By : By.xpath: //input[@name='email_confirm']
2019-05-08 03:04:50 INFO  WebEventListner:77 - Trying to find Element By : By.xpath: //input[@name='username']
2019-05-08 03:04:50 INFO  WebEventListner:82 - Found Element By : By.xpath: //input[@name='username']
2019-05-08 03:04:50 INFO  WebEventListner:77 - Trying to find Element By : By.xpath: //input[@name='password']
2019-05-08 03:04:50 INFO  WebEventListner:82 - Found Element By : By.xpath: //input[@name='password']
2019-05-08 03:04:51 INFO  WebEventListner:77 - Trying to find Element By : By.xpath: //input[@name='passwordconfirm']
2019-05-08 03:04:51 INFO  WebEventListner:82 - Found Element By : By.xpath: //input[@name='passwordconfirm']
2019-05-08 03:04:51 INFO  WebEventListner:77 - Trying to find Element By : By.xpath: //input[@name='agreeTerms']
2019-05-08 03:04:51 INFO  WebEventListner:82 - Found Element By : By.xpath: //input[@name='agreeTerms']
2019-05-08 03:04:51 INFO  WebEventListner:87 - Trying to click on: [[ChromeDriver: chrome on XP (0f28bca8fa1b6657d6017ca20a3eb3bf)] -> xpath: //input[@name='agreeTerms']]
2019-05-08 03:04:51 INFO  WebEventListner:92 - Clicked on: [[ChromeDriver: chrome on XP (0f28bca8fa1b6657d6017ca20a3eb3bf)] -> xpath: //input[@name='agreeTerms']]
2019-05-08 03:04:52 INFO  TestBase:74 - Executing on chrome
2019-05-08 03:04:56 INFO  WebEventListner:37 - Before navigating to: 'https://classic.crmpro.com/register/'
2019-05-08 03:04:58 INFO  WebEventListner:42 - Navigated to:'https://classic.crmpro.com/register/'
2019-05-08 03:04:58 INFO  WebEventListner:77 - Trying to find Element By : By.xpath: //select[@id='payment_plan_id']
2019-05-08 03:04:58 INFO  WebEventListner:82 - Found Element By : By.xpath: //select[@id='payment_plan_id']
2019-05-08 03:04:58 INFO  WebEventListner:77 - Trying to find Element By : By.xpath: //select[@id='payment_plan_id']
2019-05-08 03:04:58 INFO  WebEventListner:82 - Found Element By : By.xpath: //select[@id='payment_plan_id']
2019-05-08 03:04:58 INFO  WebEventListner:77 - Trying to find Element By : By.xpath: //select[@id='payment_plan_id']
2019-05-08 03:04:58 INFO  WebEventListner:82 - Found Element By : By.xpath: //select[@id='payment_plan_id']
2019-05-08 03:04:58 INFO  WebEventListner:77 - Trying to find Element By : By.xpath: .//option[normalize-space(.) = "Free Edition"]
2019-05-08 03:04:58 INFO  WebEventListner:82 - Found Element By : By.xpath: .//option[normalize-space(.) = "Free Edition"]
2019-05-08 03:04:58 INFO  WebEventListner:87 - Trying to click on: [[[[ChromeDriver: chrome on XP (ff98a473cde960524cca84964f7b7c13)] -> xpath: //select[@id='payment_plan_id']]] -> xpath: .//option[normalize-space(.) = "Free Edition"]]
2019-05-08 03:04:58 INFO  WebEventListner:92 - Clicked on: [[[[ChromeDriver: chrome on XP (ff98a473cde960524cca84964f7b7c13)] -> xpath: //select[@id='payment_plan_id']]] -> xpath: .//option[normalize-space(.) = "Free Edition"]]
2019-05-08 03:04:58 INFO  WebEventListner:77 - Trying to find Element By : By.xpath: //input[@name='first_name']
2019-05-08 03:04:58 INFO  WebEventListner:82 - Found Element By : By.xpath: //input[@name='first_name']
2019-05-08 03:04:58 INFO  WebEventListner:77 - Trying to find Element By : By.xpath: //input[@name='surname']
2019-05-08 03:04:59 INFO  WebEventListner:82 - Found Element By : By.xpath: //input[@name='surname']
